2021-10-18 23:38:36.704 [main] INFO  sudo.client_user.ClientUserApplication - No active profile set, falling back to default profiles: default
2021-10-18 23:38:38.001 [main] INFO  o.springframework.cloud.context.scope.GenericScope - BeanFactory id=0c50c332-6d7f-3fed-b3c0-c79370f37155
2021-10-18 23:38:38.157 [main] INFO  o.s.c.s.PostProcessorRegistrationDelegate$BeanPostProcessorChecker - Bean 'org.springframework.transaction.annotation.ProxyTransactionManagementConfiguration' of type [org.springframework.transaction.annotation.ProxyTransactionManagementConfiguration$$EnhancerBySpringCGLIB$$92a420c9] is not eligible for getting processed by all BeanPostProcessors (for example: not eligible for auto-proxying)
2021-10-18 23:38:38.188 [main] INFO  o.s.c.s.PostProcessorRegistrationDelegate$BeanPostProcessorChecker - Bean 'org.springframework.cloud.autoconfigure.ConfigurationPropertiesRebinderAutoConfiguration' of type [org.springframework.cloud.autoconfigure.ConfigurationPropertiesRebinderAutoConfiguration$$EnhancerBySpringCGLIB$$aebe23c6] is not eligible for getting processed by all BeanPostProcessors (for example: not eligible for auto-proxying)
2021-10-18 23:38:38.594 [main] INFO  o.s.boot.web.embedded.tomcat.TomcatWebServer - Tomcat initialized with port(s): 9004 (http)
2021-10-18 23:38:38.641 [main] INFO  org.apache.catalina.core.StandardService - Starting service [Tomcat]
2021-10-18 23:38:38.641 [main] INFO  org.apache.catalina.core.StandardEngine - Starting Servlet engine: [Apache Tomcat/9.0.22]
2021-10-18 23:38:38.938 [main] INFO  o.a.c.core.ContainerBase.[Tomcat].[localhost].[/] - Initializing Spring embedded WebApplicationContext
2021-10-18 23:38:38.938 [main] INFO  org.springframework.web.context.ContextLoader - Root WebApplicationContext: initialization completed in 2203 ms
2021-10-18 23:38:40.141 [main] INFO  s.d.s.w.PropertySourcedRequestMappingHandlerMapping - Mapped URL path [/v2/api-docs] onto method [public org.springframework.http.ResponseEntity<springfox.documentation.spring.web.json.Json> springfox.documentation.swagger2.web.Swagger2Controller.getDocumentation(java.lang.String,javax.servlet.http.HttpServletRequest)]
2021-10-18 23:38:40.172 [main] WARN  com.netflix.config.sources.URLConfigurationSource - No URLs will be polled as dynamic configuration sources.
2021-10-18 23:38:40.172 [main] INFO  com.netflix.config.sources.URLConfigurationSource - To enable URLs as dynamic configuration sources, define System property archaius.configurationSource.additionalUrls or make config.properties available on classpath.
2021-10-18 23:38:40.172 [main] WARN  com.netflix.config.sources.URLConfigurationSource - No URLs will be polled as dynamic configuration sources.
2021-10-18 23:38:40.172 [main] INFO  com.netflix.config.sources.URLConfigurationSource - To enable URLs as dynamic configuration sources, define System property archaius.configurationSource.additionalUrls or make config.properties available on classpath.
2021-10-18 23:38:40.391 [main] INFO  o.s.scheduling.concurrent.ThreadPoolTaskExecutor - Initializing ExecutorService 'applicationTaskExecutor'
2021-10-18 23:38:45.516 [main] INFO  o.s.cloud.netflix.eureka.InstanceInfoFactory - Setting initial instance status as: STARTING
2021-10-18 23:38:45.563 [main] INFO  com.netflix.discovery.DiscoveryClient - Initializing Eureka in region us-east-1
2021-10-18 23:38:46.954 [main] INFO  c.n.discovery.provider.DiscoveryJerseyProvider - Using JSON encoding codec LegacyJacksonJson
2021-10-18 23:38:46.954 [main] INFO  c.n.discovery.provider.DiscoveryJerseyProvider - Using JSON decoding codec LegacyJacksonJson
2021-10-18 23:38:47.141 [main] INFO  c.n.discovery.provider.DiscoveryJerseyProvider - Using XML encoding codec XStreamXml
2021-10-18 23:38:47.141 [main] INFO  c.n.discovery.provider.DiscoveryJerseyProvider - Using XML decoding codec XStreamXml
2021-10-18 23:38:47.547 [main] INFO  c.n.d.shared.resolver.aws.ConfigClusterResolver - Resolving eureka endpoints via configuration
2021-10-18 23:38:48.594 [main] INFO  com.netflix.discovery.DiscoveryClient - Disable delta property : false
2021-10-18 23:38:48.594 [main] INFO  com.netflix.discovery.DiscoveryClient - Single vip registry refresh property : null
2021-10-18 23:38:48.594 [main] INFO  com.netflix.discovery.DiscoveryClient - Force full registry fetch : false
2021-10-18 23:38:48.594 [main] INFO  com.netflix.discovery.DiscoveryClient - Application is null : false
2021-10-18 23:38:48.610 [main] INFO  com.netflix.discovery.DiscoveryClient - Registered Applications size is zero : true
2021-10-18 23:38:48.610 [main] INFO  com.netflix.discovery.DiscoveryClient - Application version is -1: true
2021-10-18 23:38:48.610 [main] INFO  com.netflix.discovery.DiscoveryClient - Getting all instance registry info from the eureka server
2021-10-18 23:38:48.922 [main] INFO  com.netflix.discovery.DiscoveryClient - The response status is 200
2021-10-18 23:38:48.922 [main] INFO  com.netflix.discovery.DiscoveryClient - Starting heartbeat executor: renew interval is: 30
2021-10-18 23:38:48.922 [main] INFO  com.netflix.discovery.InstanceInfoReplicator - InstanceInfoReplicator onDemand update allowed rate per min is 4
2021-10-18 23:38:48.938 [main] INFO  com.netflix.discovery.DiscoveryClient - Discovery Client initialized at timestamp 1634571528938 with initial instances count: 0
2021-10-18 23:38:48.938 [main] INFO  o.s.c.n.e.serviceregistry.EurekaServiceRegistry - Registering application CLIENT-USER with eureka with status UP
2021-10-18 23:38:48.938 [main] INFO  com.netflix.discovery.DiscoveryClient - Saw local status change event StatusChangeEvent [timestamp=1634571528938, current=UP, previous=STARTING]
2021-10-18 23:38:48.938 [DiscoveryClient-InstanceInfoReplicator-0] INFO  com.netflix.discovery.DiscoveryClient - DiscoveryClient_CLIENT-USER/192.168.10.7:client-user:9004: registering service...
2021-10-18 23:38:48.938 [main] INFO  s.d.s.web.plugins.DocumentationPluginsBootstrapper - Context refreshed
2021-10-18 23:38:48.969 [main] INFO  s.d.s.web.plugins.DocumentationPluginsBootstrapper - Found 1 custom documentation plugin(s)
2021-10-18 23:38:49.032 [main] INFO  s.d.spring.web.scanners.ApiListingReferenceScanner - Scanning for api listing references
2021-10-18 23:38:49.078 [DiscoveryClient-InstanceInfoReplicator-0] INFO  com.netflix.discovery.DiscoveryClient - DiscoveryClient_CLIENT-USER/192.168.10.7:client-user:9004 - registration status: 204
2021-10-18 23:38:49.438 [main] INFO  o.s.boot.web.embedded.tomcat.TomcatWebServer - Tomcat started on port(s): 9004 (http) with context path ''
2021-10-18 23:38:49.438 [main] INFO  o.s.c.n.e.s.EurekaAutoServiceRegistration - Updating port to 9004
2021-10-18 23:38:49.438 [main] INFO  sudo.client_user.ClientUserApplication - Started ClientUserApplication in 17.812 seconds (JVM running for 19.717)
2021-10-18 23:39:01.056 [http-nio-9004-exec-1] INFO  o.a.c.core.ContainerBase.[Tomcat].[localhost].[/] - Initializing Spring DispatcherServlet 'dispatcherServlet'
2021-10-18 23:39:01.056 [http-nio-9004-exec-1] INFO  org.springframework.web.servlet.DispatcherServlet - Initializing Servlet 'dispatcherServlet'
2021-10-18 23:39:01.068 [http-nio-9004-exec-1] INFO  org.springframework.web.servlet.DispatcherServlet - Completed initialization in 11 ms
2021-10-18 23:39:01.201 [http-nio-9004-exec-1] INFO  com.alibaba.druid.pool.DruidDataSource - {dataSource-1} inited
2021-10-18 23:39:01.574 [http-nio-9004-exec-1] DEBUG sudo.client_user.mapper.UserMapper.selectUser - ==>  Preparing: select id, userName, passWord, realName from sudo.user where id = ? 
2021-10-18 23:39:01.612 [http-nio-9004-exec-1] DEBUG sudo.client_user.mapper.UserMapper.selectUser - ==> Parameters: 1(Integer)
2021-10-18 23:39:01.665 [http-nio-9004-exec-1] TRACE sudo.client_user.mapper.UserMapper.selectUser - <==    Columns: id, userName, passWord, realName
2021-10-18 23:39:01.665 [http-nio-9004-exec-1] TRACE sudo.client_user.mapper.UserMapper.selectUser - <==        Row: 1, zhangsha, 123456, zhangsanone
2021-10-18 23:39:01.667 [http-nio-9004-exec-1] DEBUG sudo.client_user.mapper.UserMapper.selectUser - <==      Total: 1
