2021-10-19 00:01:05.342 [main] INFO  sudo.client_user.HelloControlerTests - No active profile set, falling back to default profiles: default
2021-10-19 00:01:07.107 [main] INFO  o.springframework.cloud.context.scope.GenericScope - BeanFactory id=43d1f9ff-4208-3df0-8f2d-730caec69bd4
2021-10-19 00:01:07.420 [main] INFO  o.s.c.s.PostProcessorRegistrationDelegate$BeanPostProcessorChecker - Bean 'org.springframework.transaction.annotation.ProxyTransactionManagementConfiguration' of type [org.springframework.transaction.annotation.ProxyTransactionManagementConfiguration$$EnhancerBySpringCGLIB$$9462a61b] is not eligible for getting processed by all BeanPostProcessors (for example: not eligible for auto-proxying)
2021-10-19 00:01:07.513 [main] INFO  o.s.c.s.PostProcessorRegistrationDelegate$BeanPostProcessorChecker - Bean 'org.springframework.cloud.autoconfigure.ConfigurationPropertiesRebinderAutoConfiguration' of type [org.springframework.cloud.autoconfigure.ConfigurationPropertiesRebinderAutoConfiguration$$EnhancerBySpringCGLIB$$b07ca918] is not eligible for getting processed by all BeanPostProcessors (for example: not eligible for auto-proxying)
2021-10-19 00:01:09.451 [main] INFO  s.d.s.w.PropertySourcedRequestMappingHandlerMapping - Mapped URL path [/v2/api-docs] onto method [public org.springframework.http.ResponseEntity<springfox.documentation.spring.web.json.Json> springfox.documentation.swagger2.web.Swagger2Controller.getDocumentation(java.lang.String,javax.servlet.http.HttpServletRequest)]
2021-10-19 00:01:09.982 [main] WARN  com.netflix.config.sources.URLConfigurationSource - No URLs will be polled as dynamic configuration sources.
2021-10-19 00:01:09.982 [main] INFO  com.netflix.config.sources.URLConfigurationSource - To enable URLs as dynamic configuration sources, define System property archaius.configurationSource.additionalUrls or make config.properties available on classpath.
2021-10-19 00:01:09.982 [main] WARN  com.netflix.config.sources.URLConfigurationSource - No URLs will be polled as dynamic configuration sources.
2021-10-19 00:01:09.982 [main] INFO  com.netflix.config.sources.URLConfigurationSource - To enable URLs as dynamic configuration sources, define System property archaius.configurationSource.additionalUrls or make config.properties available on classpath.
2021-10-19 00:01:10.498 [main] INFO  o.s.scheduling.concurrent.ThreadPoolTaskExecutor - Initializing ExecutorService 'applicationTaskExecutor'
2021-10-19 00:01:16.716 [main] INFO  s.d.s.web.plugins.DocumentationPluginsBootstrapper - Context refreshed
2021-10-19 00:01:16.763 [main] INFO  s.d.s.web.plugins.DocumentationPluginsBootstrapper - Found 1 custom documentation plugin(s)
2021-10-19 00:01:16.841 [main] INFO  s.d.spring.web.scanners.ApiListingReferenceScanner - Scanning for api listing references
2021-10-19 00:01:17.341 [main] INFO  sudo.client_user.HelloControlerTests - Started HelloControlerTests in 17.89 seconds (JVM running for 19.77)
2021-10-19 00:01:17.638 [main] INFO  o.s.b.test.mock.web.SpringBootMockServletContext - Initializing Spring TestDispatcherServlet ''
2021-10-19 00:01:17.638 [main] INFO  o.s.test.web.servlet.TestDispatcherServlet - Initializing Servlet ''
2021-10-19 00:01:17.669 [main] INFO  o.s.test.web.servlet.TestDispatcherServlet - Completed initialization in 31 ms
2021-10-19 00:01:17.857 [main] INFO  com.alibaba.druid.pool.DruidDataSource - {dataSource-1} inited
2021-10-19 00:01:20.529 [main] DEBUG sudo.client_user.mapper.UserMapper.selectUser - ==>  Preparing: select id, userName, passWord, realName from sudo.user where id = ? 
2021-10-19 00:01:20.575 [main] DEBUG sudo.client_user.mapper.UserMapper.selectUser - ==> Parameters: 1(Integer)
2021-10-19 00:01:20.622 [main] TRACE sudo.client_user.mapper.UserMapper.selectUser - <==    Columns: id, userName, passWord, realName
2021-10-19 00:01:20.622 [main] TRACE sudo.client_user.mapper.UserMapper.selectUser - <==        Row: 1, zhangsha, 123456, zhangsanone
2021-10-19 00:01:20.622 [main] DEBUG sudo.client_user.mapper.UserMapper.selectUser - <==      Total: 1
2021-10-19 00:01:20.700 [Thread-5] INFO  o.s.cloud.netflix.eureka.InstanceInfoFactory - Setting initial instance status as: STARTING
2021-10-19 00:01:20.716 [Thread-5] INFO  o.s.c.n.e.serviceregistry.EurekaServiceRegistry - Unregistering application CLIENT-USER with eureka with status DOWN
2021-10-19 00:01:20.716 [Thread-5] INFO  o.s.scheduling.concurrent.ThreadPoolTaskExecutor - Shutting down ExecutorService 'applicationTaskExecutor'
2021-10-19 00:01:20.716 [Thread-5] INFO  com.alibaba.druid.pool.DruidDataSource - {dataSource-1} closing ...
2021-10-19 00:01:20.732 [Thread-5] INFO  com.alibaba.druid.pool.DruidDataSource - {dataSource-1} closed
